<?xml version="1.0" encoding="UTF-8"?>
<!-- Generated by org.testng.reporters.JUnitXMLReporter -->
<testsuite ignored="0" hostname="Win10-2-224" failures="0" tests="8" name="Default test" time="19.881" errors="0" timestamp="2022-01-21T18:00:12 IST">
  <testcase classname="restassuredtestcases.ExtractValuesFromResponse" name="getValidateListResource" time="4.014"/>
  <testcase classname="restassuredtestcases.ExtractValuesFromResponse" name="getValidateSingleResource" time="1.98"/>
  <testcase classname="restassuredtestcases.ExtractValuesFromResponse" name="getValidateSingleResourceUserNotFound" time="0.978"/>
  <testcase classname="restassuredtestcases.ExtractValuesFromResponse" name="getValidateUserNotFound" time="0.96"/>
  <testcase classname="restassuredtestcases.ExtractValuesFromResponse" name="testEndToEnd" time="8.95"/>
  <testcase classname="restassuredtestcases.ExtractValuesFromResponse" name="testPostRequestRegisterSuccesful" time="0.951"/>
  <testcase classname="restassuredtestcases.ExtractValuesFromResponse" name="testPostRequestRegisterUnsuccessful" time="0.976"/>
  <testcase classname="restassuredtestcases.ExtractValuesFromResponse" name="testPostloginUnSuccessful" time="0.975"/>
</testsuite> <!-- Default test -->
